<?xml version="1.0" encoding="UTF-8"?>
<!-- Generated by org.testng.reporters.JUnitReportReporter -->
<testsuite skipped="0" hostname="DESKTOP-6AVQDCU" name="testRun.TestRun" tests="1" failures="0" timestamp="09 Dec 2020 00:27:29 GMT" time="14.147" errors="0">
  <testcase name="firstTest" time="14.147" classname="testRun.TestRun"/>
</testsuite> <!-- testRun.TestRun -->
