<?xml version="1.0" encoding="UTF-8"?>
<!-- Generated by org.testng.reporters.JUnitReportReporter -->
<testsuite skipped="0" hostname="DESKTOP-6AVQDCU" name="testRun.DataProviderPractice" tests="1" failures="0" timestamp="15 Dec 2020 02:17:23 GMT" time="0.037" errors="0">
  <testcase name="completeSentence" time="0.037" classname="testRun.DataProviderPractice"/>
</testsuite> <!-- testRun.DataProviderPractice -->
