<?xml version="1.0" encoding="UTF-8"?>
<!-- Generated by org.testng.reporters.JUnitReportReporter -->
<testsuite skipped="0" hostname="DESKTOP-6AVQDCU" name="stepDef.CucumberRunner" tests="6" failures="0" timestamp="04 Dec 2020 22:06:40 GMT" time="0.642" errors="0">
  <testcase name="runScenario" time="0.052" classname="stepDef.CucumberRunner"/>
  <testcase name="runScenario" time="0.442" classname="stepDef.CucumberRunner"/>
  <testcase name="runScenario" time="0.057" classname="stepDef.CucumberRunner"/>
  <testcase name="runScenario" time="0.047" classname="stepDef.CucumberRunner"/>
  <testcase name="runScenario" time="0.033" classname="stepDef.CucumberRunner"/>
  <testcase name="runScenario" time="0.011" classname="stepDef.CucumberRunner"/>
</testsuite> <!-- stepDef.CucumberRunner -->
