<?xml version="1.0" encoding="UTF-8"?>
<!-- Generated by org.testng.reporters.JUnitReportReporter -->
<testsuite skipped="0" hostname="DESKTOP-6AVQDCU" name="practice.HookPractice" tests="2" failures="0" timestamp="09 Dec 2020 00:28:42 GMT" time="0.030" errors="0">
  <testcase name="test3" time="0.002" classname="practice.HookPractice"/>
  <testcase name="test1" time="0.028" classname="practice.HookPractice"/>
</testsuite> <!-- practice.HookPractice -->
